[35m[1mScanning dependencies of target std_msgs_generate_messages_py[0m
[35m[1mScanning dependencies of target _yolo_ros_generate_messages_check_deps_BoxArray[0m
[35m[1mScanning dependencies of target vision_msgs_generate_messages_cpp[0m
[35m[1mScanning dependencies of target std_msgs_generate_messages_cpp[0m
[35m[1mScanning dependencies of target vision_msgs_generate_messages_py[0m
[35m[1mScanning dependencies of target vision_msgs_generate_messages_nodejs[0m
[35m[1mScanning dependencies of target std_msgs_generate_messages_nodejs[0m
[  0%] Built target vision_msgs_generate_messages_cpp
[  0%] Built target std_msgs_generate_messages_py
[35m[1mScanning dependencies of target vision_msgs_generate_messages_lisp[0m
[  0%] Built target vision_msgs_generate_messages_py
[  0%] Built target std_msgs_generate_messages_cpp
[  0%] Built target std_msgs_generate_messages_nodejs
[  0%] Built target vision_msgs_generate_messages_lisp
[  0%] Built target vision_msgs_generate_messages_nodejs
[35m[1mScanning dependencies of target vision_msgs_generate_messages_eus[0m
[35m[1mScanning dependencies of target std_msgs_generate_messages_eus[0m
[35m[1mScanning dependencies of target std_msgs_generate_messages_lisp[0m
[  0%] Built target vision_msgs_generate_messages_eus
[  0%] Built target std_msgs_generate_messages_lisp
[  0%] Built target std_msgs_generate_messages_eus
[  0%] Built target _yolo_ros_generate_messages_check_deps_BoxArray
[35m[1mScanning dependencies of target yolo_ros_generate_messages_cpp[0m
[35m[1mScanning dependencies of target yolo_ros_generate_messages_nodejs[0m
[35m[1mScanning dependencies of target yolo_ros_generate_messages_lisp[0m
[35m[1mScanning dependencies of target yolo_ros_generate_messages_py[0m
[35m[1mScanning dependencies of target yolo_ros_generate_messages_eus[0m
[ 14%] [34m[1mGenerating C++ code from yolo_ros/BoxArray.msg[0m
[ 28%] [34m[1mGenerating Javascript code from yolo_ros/BoxArray.msg[0m
[ 42%] [34m[1mGenerating Lisp code from yolo_ros/BoxArray.msg[0m
[ 57%] [34m[1mGenerating EusLisp code from yolo_ros/BoxArray.msg[0m
[ 71%] [34m[1mGenerating Python from MSG yolo_ros/BoxArray[0m
[ 85%] [34m[1mGenerating EusLisp manifest code for yolo_ros[0m
[ 85%] Built target yolo_ros_generate_messages_lisp
[ 85%] Built target yolo_ros_generate_messages_nodejs
[ 85%] Built target yolo_ros_generate_messages_cpp
[100%] [34m[1mGenerating Python msg __init__.py for yolo_ros[0m
[100%] Built target yolo_ros_generate_messages_py
[100%] Built target yolo_ros_generate_messages_eus
[35m[1mScanning dependencies of target yolo_ros_generate_messages[0m
[100%] Built target yolo_ros_generate_messages
